2020-01-13 13:38:58 [scrapy.utils.log] INFO: Scrapy 1.8.0 started (bot: scrapybot)
2020-01-13 13:38:58 [scrapy.utils.log] INFO: Versions: lxml 4.4.2.0, libxml2 2.9.10, cssselect 1.1.0, parsel 1.5.2, w3lib 1.21.0, Twisted 19.10.0, Python 3.6.8 (v3.6.8:3c6b436a57, Dec 24 2018, 02:10:22) - [GCC 4.2.1 (Apple Inc. build 5666) (dot 3)], pyOpenSSL 19.1.0 (OpenSSL 1.1.1d  10 Sep 2019), cryptography 2.8, Platform Darwin-19.0.0-x86_64-i386-64bit
2020-01-13 13:38:58 [scrapy.crawler] INFO: Overridden settings: {'LOG_FILE': 'logs/default/scraper/f2ce816235db11ea9dd71c36bbecd5bf.log', 'SPIDER_MODULES': ['scraper_app.spiders']}
2020-01-13 13:38:58 [scrapy.extensions.telnet] INFO: Telnet Password: 53c146a6aeadb85e
2020-01-13 13:38:58 [scrapy.middleware] INFO: Enabled extensions:
['scrapy.extensions.corestats.CoreStats',
 'scrapy.extensions.telnet.TelnetConsole',
 'scrapy.extensions.memusage.MemoryUsage',
 'scrapy.extensions.logstats.LogStats']
2020-01-13 13:38:58 [scrapy.middleware] INFO: Enabled downloader middlewares:
['scrapy.downloadermiddlewares.httpauth.HttpAuthMiddleware',
 'scrapy.downloadermiddlewares.downloadtimeout.DownloadTimeoutMiddleware',
 'scrapy.downloadermiddlewares.defaultheaders.DefaultHeadersMiddleware',
 'scrapy.downloadermiddlewares.useragent.UserAgentMiddleware',
 'scrapy.downloadermiddlewares.retry.RetryMiddleware',
 'scrapy.downloadermiddlewares.redirect.MetaRefreshMiddleware',
 'scrapy.downloadermiddlewares.httpcompression.HttpCompressionMiddleware',
 'scrapy.downloadermiddlewares.redirect.RedirectMiddleware',
 'scrapy.downloadermiddlewares.cookies.CookiesMiddleware',
 'scrapy.downloadermiddlewares.httpproxy.HttpProxyMiddleware',
 'scrapy.downloadermiddlewares.stats.DownloaderStats']
2020-01-13 13:38:58 [scrapy.middleware] INFO: Enabled spider middlewares:
['scrapy.spidermiddlewares.httperror.HttpErrorMiddleware',
 'scrapy.spidermiddlewares.offsite.OffsiteMiddleware',
 'scrapy.spidermiddlewares.referer.RefererMiddleware',
 'scrapy.spidermiddlewares.urllength.UrlLengthMiddleware',
 'scrapy.spidermiddlewares.depth.DepthMiddleware']
2020-01-13 13:38:58 [twisted] CRITICAL: Unhandled error in Deferred:
2020-01-13 13:38:58 [twisted] CRITICAL: 
Traceback (most recent call last):
  File "/Users/admin/Desktop/Development/yourenv/lib/python3.6/site-packages/twisted/internet/defer.py", line 1418, in _inlineCallbacks
    result = g.send(result)
  File "/Users/admin/Desktop/Development/yourenv/lib/python3.6/site-packages/scrapy/crawler.py", line 86, in crawl
    self.engine = self._create_engine()
  File "/Users/admin/Desktop/Development/yourenv/lib/python3.6/site-packages/scrapy/crawler.py", line 111, in _create_engine
    return ExecutionEngine(self, lambda _: self.stop())
  File "/Users/admin/Desktop/Development/yourenv/lib/python3.6/site-packages/scrapy/core/engine.py", line 70, in __init__
    self.scraper = Scraper(crawler)
  File "/Users/admin/Desktop/Development/yourenv/lib/python3.6/site-packages/scrapy/core/scraper.py", line 71, in __init__
    self.itemproc = itemproc_cls.from_crawler(crawler)
  File "/Users/admin/Desktop/Development/yourenv/lib/python3.6/site-packages/scrapy/middleware.py", line 53, in from_crawler
    return cls.from_settings(crawler.settings, crawler)
  File "/Users/admin/Desktop/Development/yourenv/lib/python3.6/site-packages/scrapy/middleware.py", line 34, in from_settings
    mwcls = load_object(clspath)
  File "/Users/admin/Desktop/Development/yourenv/lib/python3.6/site-packages/scrapy/utils/misc.py", line 46, in load_object
    mod = import_module(module)
  File "/Users/admin/Desktop/Development/yourenv/lib/python3.6/importlib/__init__.py", line 126, in import_module
    return _bootstrap._gcd_import(name[level:], package, level)
  File "<frozen importlib._bootstrap>", line 994, in _gcd_import
  File "<frozen importlib._bootstrap>", line 971, in _find_and_load
  File "<frozen importlib._bootstrap>", line 955, in _find_and_load_unlocked
  File "<frozen importlib._bootstrap>", line 665, in _load_unlocked
  File "<frozen importlib._bootstrap_external>", line 678, in exec_module
  File "<frozen importlib._bootstrap>", line 219, in _call_with_frames_removed
  File "/Users/admin/Desktop/Development/scraper_app/pipeline.py", line 2, in <module>
    from scraper_app.models import Scrappy, db_connect, create_reals_table
  File "/Users/admin/Desktop/Development/scraper_app/models.py", line 5, in <module>
    import settings
ModuleNotFoundError: No module named 'settings'
